#
# A fatal error has been detected by the Java Runtime Environment:
#
#  EXCEPTION_ACCESS_VIOLATION (0xc0000005) at pc=0x00007ffa62c10eca, pid=9712, tid=21936
#
# JRE version: OpenJDK Runtime Environment (18.0.2.1+1) (build 18.0.2.1+1-1)
# Java VM: OpenJDK 64-Bit Server VM (18.0.2.1+1-1, mixed mode, sharing, tiered, compressed oops, compressed class ptrs, g1 gc, windows-amd64)
# Problematic frame:
# V  [jvm.dll+0x760eca]
#
# No core dump will be written. Minidumps are not enabled by default on client versions of Windows
#
# If you would like to submit a bug report, please visit:
#   https://bugreport.java.com/bugreport/crash.jsp
#

---------------  S U M M A R Y ------------

Command Line: -XX:+ShowCodeDetailsInExceptionMessages -agentlib:jdwp=transport=dt_socket,suspend=y,address=localhost:62987 -ea -javaagent:C:\Users\sveng\eclipse\jee-2022-06\eclipse\configuration\org.eclipse.osgi\1043\0\.cp\lib\javaagent-shaded.jar -Dfile.encoding=UTF-8 org.eclipse.jdt.internal.junit.runner.RemoteTestRunner -version 3 -port 62986 -testLoaderClass org.eclipse.jdt.internal.junit5.runner.JUnit5TestLoader -loaderpluginname org.eclipse.jdt.junit5.runtime -test com.bueffeltier.data.jdbc.ArticleDaoJDBCFlatImplTest:testUpdate -uniqueId [engine:junit-jupiter]/[class:com.bueffeltier.data.jdbc.ArticleDaoJDBCFlatImplTest]/[method:testUpdate()]

Host: Intel(R) Core(TM) i7-8550U CPU @ 1.80GHz, 8 cores, 15G,  Windows 10 , 64 bit Build 19041 (10.0.19041.2251)
Time: Fri Nov 11 08:56:39 2022 Mitteleuropäische Zeit elapsed time: 30823.991024 seconds (0d 8h 33m 43s)

---------------  T H R E A D  ---------------

Current thread (0x000001faef94a7b0):  JavaThread "JDWP Transport Listener: dt_socket" daemon [_thread_in_vm, id=21936, stack(0x000000e232600000,0x000000e232700000)]

Stack: [0x000000e232600000,0x000000e232700000],  sp=0x000000e2326ff290,  free space=1020k
Native frames: (J=compiled Java code, j=interpreted, Vv=VM code, C=native code)
V  [jvm.dll+0x760eca]
V  [jvm.dll+0x52c54c]
V  [jvm.dll+0x4f3d5b]
C  [jdwp.dll+0x230a7]


siginfo: EXCEPTION_ACCESS_VIOLATION (0xc0000005), reading address 0x0000000002690019


Register to memory mapping:

RIP=0x00007ffa62c10eca jvm.dll
RAX=0x000000000000026a is an unknown value
RBX=0x000001faeb528abb points into unknown readable memory: 78 74 3b 00 3b
RCX=0x0000000002690015 is an unknown value
RDX=0x000001faf0f46db0 points into unknown readable memory: 0x6575622f6d6f634c | 4c 63 6f 6d 2f 62 75 65
RSP=0x000000e2326ff290 is pointing into the stack for thread: 0x000001faef94a7b0
RBP=0x000001faef93e4b0 points into unknown readable memory: 0x0000000000000002 | 02 00 00 00 00 00 00 00
RSI=0x0 is NULL
RDI=0xffffffffffffffff is an unknown value
R8 =0x0000000000000002 is an unknown value
R9 =0x000000000000000e is an unknown value
R10=0x0 is NULL
R11=0x000000e2326ff2b0 is pointing into the stack for thread: 0x000001faef94a7b0
R12=0x000000e2326ff3e8 is pointing into the stack for thread: 0x000001faef94a7b0
R13=0x0 is NULL
R14=0x0000000800cc21c8 is a pointer to class: 
com.bueffeltier.data.jdbc.ArticleDaoJDBCFlatImpl {0x0000000800cc21d0}
 - instance size:     3
 - klass size:        79
 - access:            public synchronized 
 - state:             fully_initialized
 - name:              'com/bueffeltier/data/jdbc/ArticleDaoJDBCFlatImpl'
 - super:             'com/bueffeltier/data/jdbc/AbstractDAO'
 - sub:               
 - arrays:            NULL
 - methods:           Array<T>(0x000001faec08e0e0)
 - method ordering:   Array<T>(0x000001faebd3e810)
 - default_methods:   Array<T>(0x0000000000000000)
 - local interfaces:  Array<T>(0x00000008005bcc40)
 - trans. interfaces: Array<T>(0x00000008005bcc40)
 - constants:         constant pool [628] {0x000001faec09ba98} for 'com/bueffeltier/data/jdbc/ArticleDaoJDBCFlatImpl' cache=0x000001faec08d368
 - class loader data:  loader data: 0x000001faef8aa960 for instance a 'jdk/internal/loader/ClassLoaders$AppClassLoader'{0x0000000701c83600}
 - source file:       'ArticleDaoJDBCFlatImpl.java'
 - source debug extension:       SMAP
ArticleDaoJDBCFlatImpl.java
Java
*S jdt
*F
1 ArticleDaoJDBCFlatImpl.java
2 file:/C:/eclipse-workspace/bueffeltier/target/classes/
*L
*E

 - class annotations:       Array<T>(0x0000000000000000)
 - class type annotations:  Array<T>(0x0000000000000000)
 - field annotations:       Array<T>(0x0000000000000000)
 - field type annotations:  Array<T>(0x0000000000000000)
 - previous version:  constant pool [617] {0x000001faebe187c8} for 'com/bueffeltier/data/jdbc/ArticleDaoJDBCFlatImpl' (extra) cache=0x000001faebe4abf0
 - generic signature: '
[error occurred during error reporting (printing register info), id 0xc0000005, EXCEPTION_ACCESS_VIOLATION (0xc0000005) at pc=0x00007ffa62c11ad6]

Registers:
RAX=0x000000000000026a, RBX=0x000001faeb528abb, RCX=0x0000000002690015, RDX=0x000001faf0f46db0
RSP=0x000000e2326ff290, RBP=0x000001faef93e4b0, RSI=0x0000000000000000, RDI=0xffffffffffffffff
R8 =0x0000000000000002, R9 =0x000000000000000e, R10=0x0000000000000000, R11=0x000000e2326ff2b0
R12=0x000000e2326ff3e8, R13=0x0000000000000000, R14=0x0000000800cc21c8, R15=0x000000e2326ff438
RIP=0x00007ffa62c10eca, EFLAGS=0x0000000000010206

Top of Stack: (sp=0x000000e2326ff290)
0x000000e2326ff290:   0000000000000030 0000000800cc21c8
0x000000e2326ff2a0:   000001faef94a7b0 0000000000000000
0x000000e2326ff2b0:   ffffffffffffffff 00007ffa629dc54c
0x000000e2326ff2c0:   000001faeb528abb 000001faef93e4b0
0x000000e2326ff2d0:   0000000000000000 000001faef94aa40
0x000000e2326ff2e0:   000001faeb528a40 00000000000003d8
0x000000e2326ff2f0:   000001faeb528a50 000001faeb528e28
0x000000e2326ff300:   0000000000000002 000000e2326ff3e8
0x000000e2326ff310:   0000000000000000 0000000000000000
0x000000e2326ff320:   000000070fa259b0 00007ffa629a3d5b
0x000000e2326ff330:   000001faef94a7b0 000000e2326ff438
0x000000e2326ff340:   000001fac6796f00 000000e2326ff438
0x000000e2326ff350:   000001faef94a7b0 0000000000000000
0x000000e2326ff360:   000001fa00000000 0000000000000000
0x000000e2326ff370:   000000000000000d 00007ffac07130a7
0x000000e2326ff380:   000000e2326ff430 00007ffac0721718 

Instructions: (pc=0x00007ffa62c10eca)
0x00007ffa62c10dca:   48 8b f8 48 85 db 74 08 48 8b cb e8 16 ad f0 ff
0x00007ffa62c10dda:   48 8b 5c 24 30 48 8b c7 48 83 c4 20 5f c3 8d 42
0x00007ffa62c10dea:   06 83 ff 02 b9 08 00 00 00 0f 4e c1 45 33 c0 48
0x00007ffa62c10dfa:   63 c8 48 83 c1 07 83 e1 f8 48 63 c9 41 8d 50 0b
0x00007ffa62c10e0a:   48 83 c4 20 5f e9 1c 23 95 ff cc cc cc cc cc cc
0x00007ffa62c10e1a:   cc cc cc cc cc cc 83 fa 02 8d 42 06 b9 08 00 00
0x00007ffa62c10e2a:   00 4d 8b c8 0f 4e c1 48 63 c8 49 8b 40 18 48 83
0x00007ffa62c10e3a:   c1 07 83 e1 f8 48 63 d1 49 8b 48 20 48 2b c8 48
0x00007ffa62c10e4a:   3b ca 72 09 48 8d 0c 10 49 89 48 18 c3 45 33 c0
0x00007ffa62c10e5a:   49 8b c9 e9 fe 80 95 ff cc cc cc cc cc cc cc cc
0x00007ffa62c10e6a:   cc cc cc cc cc cc 4c 8b d2 4c 8b d9 45 85 c0 7e
0x00007ffa62c10e7a:   3c 44 0f b7 49 04 41 8d 40 ff 41 3b c1 44 0f 4c
0x00007ffa62c10e8a:   c8 4d 63 c1 45 85 c9 7e 1f 48 8b c2 4c 2b da 49
0x00007ffa62c10e9a:   8b d0 0f 1f 40 00 41 0f b6 4c 03 06 88 08 48 8d
0x00007ffa62c10eaa:   40 01 48 83 ea 01 75 ee 43 c6 04 10 00 49 8b c2
0x00007ffa62c10eba:   c3 cc cc cc cc cc 48 89 5c 24 08 57 48 83 ec 20
0x00007ffa62c10eca:   0f b7 59 04 48 8b f9 33 d2 48 8d 4b 01 e8 14 d4
0x00007ffa62c10eda:   f8 ff 0f b7 57 04 4c 8b c0 3b da 0f 42 d3 44 8b
0x00007ffa62c10eea:   ca 85 d2 74 39 48 2b f8 0f 1f 40 00 66 66 0f 1f
0x00007ffa62c10efa:   84 00 00 00 00 00 0f b6 4c 07 06 88 08 48 ff c0
0x00007ffa62c10f0a:   48 8b c8 49 2b c8 49 3b c9 7c eb 42 c6 04 02 00
0x00007ffa62c10f1a:   49 8b c0 48 8b 5c 24 30 48 83 c4 20 5f c3 48 8b
0x00007ffa62c10f2a:   5c 24 30 c6 04 02 00 48 83 c4 20 5f c3 cc cc cc
0x00007ffa62c10f3a:   cc cc cc cc cc cc 4c 8b d1 45 85 c0 7e 6c 44 0f
0x00007ffa62c10f4a:   b7 49 04 41 8d 40 ff 41 3b c1 44 0f 4c c8 4d 63
0x00007ffa62c10f5a:   d9 45 85 c9 7e 22 48 8b ca 4c 2b d2 4d 8b c3 0f
0x00007ffa62c10f6a:   1f 80 00 00 00 00 41 0f b6 44 0a 06 88 01 48 8d
0x00007ffa62c10f7a:   49 01 49 83 e8 01 75 ee 41 c6 04 13 00 48 c7 c0
0x00007ffa62c10f8a:   ff ff ff ff 66 90 48 ff c0 80 3c 02 00 75 f7 48
0x00007ffa62c10f9a:   63 c8 85 c0 48 8b c2 7e 14 80 38 2f 75 03 c6 00
0x00007ffa62c10faa:   2e 48 ff c0 48 83 e9 01 75 ef 48 8b c2 c3 cc cc
0x00007ffa62c10fba:   cc cc cc cc cc cc 48 83 ec 28 e8 f7 fe ff ff 4c 


Stack slot to memory mapping:
stack at sp + 0 slots: 0x0000000000000030 is an unknown value
stack at sp + 1 slots: 0x0000000800cc21c8 is a pointer to class: 
com.bueffeltier.data.jdbc.ArticleDaoJDBCFlatImpl {0x0000000800cc21d0}
 - instance size:     3
 - klass size:        79
 - access:            public synchronized 
 - state:             fully_initialized
 - name:              'com/bueffeltier/data/jdbc/ArticleDaoJDBCFlatImpl'
 - super:             'com/bueffeltier/data/jdbc/AbstractDAO'
 - sub:               
 - arrays:            NULL
 - methods:           Array<T>(0x000001faec08e0e0)
 - method ordering:   Array<T>(0x000001faebd3e810)
 - default_methods:   Array<T>(0x0000000000000000)
 - local interfaces:  Array<T>(0x00000008005bcc40)
 - trans. interfaces: Array<T>(0x00000008005bcc40)
 - constants:         constant pool [628] {0x000001faec09ba98} for 'com/bueffeltier/data/jdbc/ArticleDaoJDBCFlatImpl' cache=0x000001faec08d368
 - class loader data:  loader data: 0x000001faef8aa960 for instance a 'jdk/internal/loader/ClassLoaders$AppClassLoader'{0x0000000701c83600}
 - source file:       'ArticleDaoJDBCFlatImpl.java'
 - source debug extension:       SMAP
ArticleDaoJDBCFlatImpl.java
Java
*S jdt
*F
1 ArticleDaoJDBCFlatImpl.java
2 file:/C:/eclipse-workspace/bueffeltier/target/classes/
*L
*E

 - class annotations:       Array<T>(0x0000000000000000)
 - class type annotations:  Array<T>(0x0000000000000000)
 - field annotations:       Array<T>(0x0000000000000000)
 - field type annotations:  Array<T>(0x0000000000000000)
 - previous version:  constant pool [617] {0x000001faebe187c8} for 'com/bueffeltier/data/jdbc/ArticleDaoJDBCFlatImpl' (extra) cache=0x000001faebe4abf0
 - generic signature: '
[error occurred during error reporting (inspecting top of stack), id 0xc0000005, EXCEPTION_ACCESS_VIOLATION (0xc0000005) at pc=0x00007ffa62c11ad6]


---------------  P R O C E S S  ---------------

Threads class SMR info:
_java_thread_list=0x000001faf0ec5fb0, length=16, elements={
0x000001fac67a75b0, 0x000001faeb4e8770, 0x000001faeb4e93d0, 0x000001faeb5039e0,
0x000001faeb504380, 0x000001faeb504d20, 0x000001faeb50e820, 0x000001faeb512c70,
0x000001faeb513790, 0x000001faeb527950, 0x000001faef867a70, 0x000001faef94a7b0,
0x000001faef950dc0, 0x000001faefa111c0, 0x000001faf04060a0, 0x000001faf078b0f0
}

Java Threads: ( => current thread )
  0x000001fac67a75b0 JavaThread "main" [_thread_blocked, id=11036, stack(0x000000e231500000,0x000000e231600000)]
  0x000001faeb4e8770 JavaThread "Reference Handler" daemon [_thread_blocked, id=22264, stack(0x000000e231c00000,0x000000e231d00000)]
  0x000001faeb4e93d0 JavaThread "Finalizer" daemon [_thread_blocked, id=21368, stack(0x000000e231d00000,0x000000e231e00000)]
  0x000001faeb5039e0 JavaThread "Signal Dispatcher" daemon [_thread_blocked, id=3400, stack(0x000000e231e00000,0x000000e231f00000)]
  0x000001faeb504380 JavaThread "Attach Listener" daemon [_thread_blocked, id=22332, stack(0x000000e231f00000,0x000000e232000000)]
  0x000001faeb504d20 JavaThread "Service Thread" daemon [_thread_blocked, id=20936, stack(0x000000e232000000,0x000000e232100000)]
  0x000001faeb50e820 JavaThread "Monitor Deflation Thread" daemon [_thread_blocked, id=20076, stack(0x000000e232100000,0x000000e232200000)]
  0x000001faeb512c70 JavaThread "C2 CompilerThread0" daemon [_thread_blocked, id=15824, stack(0x000000e232200000,0x000000e232300000)]
  0x000001faeb513790 JavaThread "C1 CompilerThread0" daemon [_thread_blocked, id=12344, stack(0x000000e232300000,0x000000e232400000)]
  0x000001faeb527950 JavaThread "Sweeper thread" daemon [_thread_blocked, id=1896, stack(0x000000e232400000,0x000000e232500000)]
  0x000001faef867a70 JavaThread "Common-Cleaner" daemon [_thread_blocked, id=13812, stack(0x000000e232500000,0x000000e232600000)]
=>0x000001faef94a7b0 JavaThread "JDWP Transport Listener: dt_socket" daemon [_thread_in_vm, id=21936, stack(0x000000e232600000,0x000000e232700000)]
  0x000001faef950dc0 JavaThread "JDWP Event Helper Thread" daemon [_thread_blocked, id=20348, stack(0x000000e232700000,0x000000e232800000)]
  0x000001faefa111c0 JavaThread "JDWP Command Reader" daemon [_thread_in_native, id=18900, stack(0x000000e232800000,0x000000e232900000)]
  0x000001faf04060a0 JavaThread "Notification Thread" daemon [_thread_blocked, id=16132, stack(0x000000e232a00000,0x000000e232b00000)]
  0x000001faf078b0f0 JavaThread "ReaderThread" [_thread_in_native, id=8620, stack(0x000000e232c00000,0x000000e232d00000)]

Other Threads:
  0x000001faeb4e5770 VMThread "VM Thread" [stack: 0x000000e231b00000,0x000000e231c00000] [id=18664]
  0x000001faf025e760 WatcherThread "VM Periodic Task Thread" [stack: 0x000000e232b00000,0x000000e232c00000] [id=11604]
  0x000001fac681a810 WorkerThread "GC Thread#0" [stack: 0x000000e231600000,0x000000e231700000] [id=22084]
  0x000001faf065f550 WorkerThread "GC Thread#1" [stack: 0x000000e232d00000,0x000000e232e00000] [id=14188]
  0x000001faf0660270 WorkerThread "GC Thread#2" [stack: 0x000000e232e00000,0x000000e232f00000] [id=22516]
  0x000001faf065f7f0 WorkerThread "GC Thread#3" [stack: 0x000000e232f00000,0x000000e233000000] [id=12980]
  0x000001faf065fd30 WorkerThread "GC Thread#4" [stack: 0x000000e233000000,0x000000e233100000] [id=5888]
  0x000001faf065fa90 WorkerThread "GC Thread#5" [stack: 0x000000e233100000,0x000000e233200000] [id=4236]
  0x000001faf065ffd0 WorkerThread "GC Thread#6" [stack: 0x000000e233200000,0x000000e233300000] [id=5088]
  0x000001faf06607b0 WorkerThread "GC Thread#7" [stack: 0x000000e233300000,0x000000e233400000] [id=6256]
  0x000001fac682dd40 ConcurrentGCThread "G1 Main Marker" [stack: 0x000000e231700000,0x000000e231800000] [id=15120]
  0x000001fac682e730 WorkerThread "G1 Conc#0" [stack: 0x000000e231800000,0x000000e231900000] [id=6192]
  0x000001faeb3a2580 ConcurrentGCThread "G1 Refine#0" [stack: 0x000000e231900000,0x000000e231a00000] [id=20436]
  0x000001faeb3a2da0 ConcurrentGCThread "G1 Service" [stack: 0x000000e231a00000,0x000000e231b00000] [id=21696]

Threads with active compile tasks:

VM state: not at safepoint (normal execution)

VM Mutex/Monitor currently owned by a thread: None

Heap address: 0x0000000701a00000, size: 4070 MB, Compressed Oops mode: Zero based, Oop shift amount: 3

CDS archive(s) mapped at: [0x0000000800000000-0x0000000800ba0000-0x0000000800ba0000), size 12189696, SharedBaseAddress: 0x0000000800000000, ArchiveRelocationMode: 0.
Compressed class space mapped at: 0x0000000800c00000-0x0000000840c00000, reserved size: 1073741824
Narrow klass base: 0x0000000800000000, Narrow klass shift: 0, Narrow klass range: 0x100000000

GC Precious Log:
 CardTable entry size: 512
 Card Set container configuration: InlinePtr #cards 4 size 8 Array Of Cards #cards 16 size 48 Howl #buckets 8 coarsen threshold 3686 Howl Bitmap #cards 512 size 80 coarsen threshold 460 Card regions per heap region 1 cards per card region 4096
 CPUs: 8 total, 8 available
 Memory: 16275M
 Large Page Support: Disabled
 NUMA Support: Disabled
 Compressed Oops: Enabled (Zero based)
 Heap Region Size: 2M
 Heap Min Capacity: 8M
 Heap Initial Capacity: 256M
 Heap Max Capacity: 4070M
 Pre-touch: Disabled
 Parallel Workers: 8
 Concurrent Workers: 2
 Concurrent Refinement Workers: 8
 Periodic GC: Disabled

Heap:
 garbage-first heap   total 262144K, used 16124K [0x0000000701a00000, 0x0000000800000000)
  region size 2048K, 6 young (12288K), 1 survivors (2048K)
 Metaspace       used 9312K, committed 9536K, reserved 1114112K
  class space    used 1001K, committed 1088K, reserved 1048576K

Heap Regions: E=young(eden), S=young(survivor), O=old, HS=humongous(starts), HC=humongous(continues), CS=collection set, F=free, OA=open archive, CA=closed archive, TAMS=top-at-mark-start (previous, next)
|   0|0x0000000701a00000, 0x0000000701c00000, 0x0000000701c00000|100%| O|  |TAMS 0x0000000701a00000, 0x0000000701a00000| Untracked 
|   1|0x0000000701c00000, 0x0000000701e00000, 0x0000000701e00000|100%| O|  |TAMS 0x0000000701c00000, 0x0000000701c00000| Untracked 
|   2|0x0000000701e00000, 0x0000000702000000, 0x0000000702000000|100%| O|  |TAMS 0x0000000701e00000, 0x0000000701e00000| Untracked 
|   3|0x0000000702000000, 0x000000070205d600, 0x0000000702200000| 18%| O|  |TAMS 0x0000000702000000, 0x0000000702000000| Untracked 
|   4|0x0000000702200000, 0x0000000702200000, 0x0000000702400000|  0%| F|  |TAMS 0x0000000702200000, 0x0000000702200000| Untracked 
|   5|0x0000000702400000, 0x0000000702400000, 0x0000000702600000|  0%| F|  |TAMS 0x0000000702400000, 0x0000000702400000| Untracked 
|   6|0x0000000702600000, 0x0000000702600000, 0x0000000702800000|  0%| F|  |TAMS 0x0000000702600000, 0x0000000702600000| Untracked 
|   7|0x0000000702800000, 0x0000000702800000, 0x0000000702a00000|  0%| F|  |TAMS 0x0000000702800000, 0x0000000702800000| Untracked 
|   8|0x0000000702a00000, 0x0000000702a00000, 0x0000000702c00000|  0%| F|  |TAMS 0x0000000702a00000, 0x0000000702a00000| Untracked 
|   9|0x0000000702c00000, 0x0000000702c00000, 0x0000000702e00000|  0%| F|  |TAMS 0x0000000702c00000, 0x0000000702c00000| Untracked 
|  10|0x0000000702e00000, 0x0000000702e00000, 0x0000000703000000|  0%| F|  |TAMS 0x0000000702e00000, 0x0000000702e00000| Untracked 
|  11|0x0000000703000000, 0x0000000703000000, 0x0000000703200000|  0%| F|  |TAMS 0x0000000703000000, 0x0000000703000000| Untracked 
|  12|0x0000000703200000, 0x0000000703200000, 0x0000000703400000|  0%| F|  |TAMS 0x0000000703200000, 0x0000000703200000| Untracked 
|  13|0x0000000703400000, 0x0000000703400000, 0x0000000703600000|  0%| F|  |TAMS 0x0000000703400000, 0x0000000703400000| Untracked 
|  14|0x0000000703600000, 0x0000000703600000, 0x0000000703800000|  0%| F|  |TAMS 0x0000000703600000, 0x0000000703600000| Untracked 
|  15|0x0000000703800000, 0x0000000703800000, 0x0000000703a00000|  0%| F|  |TAMS 0x0000000703800000, 0x0000000703800000| Untracked 
|  16|0x0000000703a00000, 0x0000000703a00000, 0x0000000703c00000|  0%| F|  |TAMS 0x0000000703a00000, 0x0000000703a00000| Untracked 
|  17|0x0000000703c00000, 0x0000000703c00000, 0x0000000703e00000|  0%| F|  |TAMS 0x0000000703c00000, 0x0000000703c00000| Untracked 
|  18|0x0000000703e00000, 0x0000000703e00000, 0x0000000704000000|  0%| F|  |TAMS 0x0000000703e00000, 0x0000000703e00000| Untracked 
|  19|0x0000000704000000, 0x0000000704000000, 0x0000000704200000|  0%| F|  |TAMS 0x0000000704000000, 0x0000000704000000| Untracked 
|  20|0x0000000704200000, 0x0000000704200000, 0x0000000704400000|  0%| F|  |TAMS 0x0000000704200000, 0x0000000704200000| Untracked 
|  21|0x0000000704400000, 0x0000000704400000, 0x0000000704600000|  0%| F|  |TAMS 0x0000000704400000, 0x0000000704400000| Untracked 
|  22|0x0000000704600000, 0x0000000704600000, 0x0000000704800000|  0%| F|  |TAMS 0x0000000704600000, 0x0000000704600000| Untracked 
|  23|0x0000000704800000, 0x0000000704800000, 0x0000000704a00000|  0%| F|  |TAMS 0x0000000704800000, 0x0000000704800000| Untracked 
|  24|0x0000000704a00000, 0x0000000704a00000, 0x0000000704c00000|  0%| F|  |TAMS 0x0000000704a00000, 0x0000000704a00000| Untracked 
|  25|0x0000000704c00000, 0x0000000704c00000, 0x0000000704e00000|  0%| F|  |TAMS 0x0000000704c00000, 0x0000000704c00000| Untracked 
|  26|0x0000000704e00000, 0x0000000704e00000, 0x0000000705000000|  0%| F|  |TAMS 0x0000000704e00000, 0x0000000704e00000| Untracked 
|  27|0x0000000705000000, 0x0000000705000000, 0x0000000705200000|  0%| F|  |TAMS 0x0000000705000000, 0x0000000705000000| Untracked 
|  28|0x0000000705200000, 0x0000000705200000, 0x0000000705400000|  0%| F|  |TAMS 0x0000000705200000, 0x0000000705200000| Untracked 
|  29|0x0000000705400000, 0x0000000705400000, 0x0000000705600000|  0%| F|  |TAMS 0x0000000705400000, 0x0000000705400000| Untracked 
|  30|0x0000000705600000, 0x0000000705600000, 0x0000000705800000|  0%| F|  |TAMS 0x0000000705600000, 0x0000000705600000| Untracked 
|  31|0x0000000705800000, 0x0000000705800000, 0x0000000705a00000|  0%| F|  |TAMS 0x0000000705800000, 0x0000000705800000| Untracked 
|  32|0x0000000705a00000, 0x0000000705a00000, 0x0000000705c00000|  0%| F|  |TAMS 0x0000000705a00000, 0x0000000705a00000| Untracked 
|  33|0x0000000705c00000, 0x0000000705c00000, 0x0000000705e00000|  0%| F|  |TAMS 0x0000000705c00000, 0x0000000705c00000| Untracked 
|  34|0x0000000705e00000, 0x0000000705e00000, 0x0000000706000000|  0%| F|  |TAMS 0x0000000705e00000, 0x0000000705e00000| Untracked 
|  35|0x0000000706000000, 0x0000000706000000, 0x0000000706200000|  0%| F|  |TAMS 0x0000000706000000, 0x0000000706000000| Untracked 
|  36|0x0000000706200000, 0x0000000706200000, 0x0000000706400000|  0%| F|  |TAMS 0x0000000706200000, 0x0000000706200000| Untracked 
|  37|0x0000000706400000, 0x0000000706400000, 0x0000000706600000|  0%| F|  |TAMS 0x0000000706400000, 0x0000000706400000| Untracked 
|  38|0x0000000706600000, 0x0000000706600000, 0x0000000706800000|  0%| F|  |TAMS 0x0000000706600000, 0x0000000706600000| Untracked 
|  39|0x0000000706800000, 0x0000000706800000, 0x0000000706a00000|  0%| F|  |TAMS 0x0000000706800000, 0x0000000706800000| Untracked 
|  40|0x0000000706a00000, 0x0000000706a00000, 0x0000000706c00000|  0%| F|  |TAMS 0x0000000706a00000, 0x0000000706a00000| Untracked 
|  41|0x0000000706c00000, 0x0000000706c00000, 0x0000000706e00000|  0%| F|  |TAMS 0x0000000706c00000, 0x0000000706c00000| Untracked 
|  42|0x0000000706e00000, 0x0000000706e00000, 0x0000000707000000|  0%| F|  |TAMS 0x0000000706e00000, 0x0000000706e00000| Untracked 
|  43|0x0000000707000000, 0x0000000707000000, 0x0000000707200000|  0%| F|  |TAMS 0x0000000707000000, 0x0000000707000000| Untracked 
|  44|0x0000000707200000, 0x0000000707200000, 0x0000000707400000|  0%| F|  |TAMS 0x0000000707200000, 0x0000000707200000| Untracked 
|  45|0x0000000707400000, 0x0000000707400000, 0x0000000707600000|  0%| F|  |TAMS 0x0000000707400000, 0x0000000707400000| Untracked 
|  46|0x0000000707600000, 0x0000000707600000, 0x0000000707800000|  0%| F|  |TAMS 0x0000000707600000, 0x0000000707600000| Untracked 
|  47|0x0000000707800000, 0x0000000707800000, 0x0000000707a00000|  0%| F|  |TAMS 0x0000000707800000, 0x0000000707800000| Untracked 
|  48|0x0000000707a00000, 0x0000000707a00000, 0x0000000707c00000|  0%| F|  |TAMS 0x0000000707a00000, 0x0000000707a00000| Untracked 
|  49|0x0000000707c00000, 0x0000000707c00000, 0x0000000707e00000|  0%| F|  |TAMS 0x0000000707c00000, 0x0000000707c00000| Untracked 
|  50|0x0000000707e00000, 0x0000000707e00000, 0x0000000708000000|  0%| F|  |TAMS 0x0000000707e00000, 0x0000000707e00000| Untracked 
|  51|0x0000000708000000, 0x0000000708000000, 0x0000000708200000|  0%| F|  |TAMS 0x0000000708000000, 0x0000000708000000| Untracked 
|  52|0x0000000708200000, 0x0000000708200000, 0x0000000708400000|  0%| F|  |TAMS 0x0000000708200000, 0x0000000708200000| Untracked 
|  53|0x0000000708400000, 0x0000000708400000, 0x0000000708600000|  0%| F|  |TAMS 0x0000000708400000, 0x0000000708400000| Untracked 
|  54|0x0000000708600000, 0x0000000708600000, 0x0000000708800000|  0%| F|  |TAMS 0x0000000708600000, 0x0000000708600000| Untracked 
|  55|0x0000000708800000, 0x0000000708800000, 0x0000000708a00000|  0%| F|  |TAMS 0x0000000708800000, 0x0000000708800000| Untracked 
|  56|0x0000000708a00000, 0x0000000708a00000, 0x0000000708c00000|  0%| F|  |TAMS 0x0000000708a00000, 0x0000000708a00000| Untracked 
|  57|0x0000000708c00000, 0x0000000708c00000, 0x0000000708e00000|  0%| F|  |TAMS 0x0000000708c00000, 0x0000000708c00000| Untracked 
|  58|0x0000000708e00000, 0x0000000708e00000, 0x0000000709000000|  0%| F|  |TAMS 0x0000000708e00000, 0x0000000708e00000| Untracked 
|  59|0x0000000709000000, 0x0000000709000000, 0x0000000709200000|  0%| F|  |TAMS 0x0000000709000000, 0x0000000709000000| Untracked 
|  60|0x0000000709200000, 0x0000000709200000, 0x0000000709400000|  0%| F|  |TAMS 0x0000000709200000, 0x0000000709200000| Untracked 
|  61|0x0000000709400000, 0x0000000709400000, 0x0000000709600000|  0%| F|  |TAMS 0x0000000709400000, 0x0000000709400000| Untracked 
|  62|0x0000000709600000, 0x0000000709600000, 0x0000000709800000|  0%| F|  |TAMS 0x0000000709600000, 0x0000000709600000| Untracked 
|  63|0x0000000709800000, 0x0000000709800000, 0x0000000709a00000|  0%| F|  |TAMS 0x0000000709800000, 0x0000000709800000| Untracked 
|  64|0x0000000709a00000, 0x0000000709a00000, 0x0000000709c00000|  0%| F|  |TAMS 0x0000000709a00000, 0x0000000709a00000| Untracked 
|  65|0x0000000709c00000, 0x0000000709c00000, 0x0000000709e00000|  0%| F|  |TAMS 0x0000000709c00000, 0x0000000709c00000| Untracked 
|  66|0x0000000709e00000, 0x0000000709e00000, 0x000000070a000000|  0%| F|  |TAMS 0x0000000709e00000, 0x0000000709e00000| Untracked 
|  67|0x000000070a000000, 0x000000070a000000, 0x000000070a200000|  0%| F|  |TAMS 0x000000070a000000, 0x000000070a000000| Untracked 
|  68|0x000000070a200000, 0x000000070a200000, 0x000000070a400000|  0%| F|  |TAMS 0x000000070a200000, 0x000000070a200000| Untracked 
|  69|0x000000070a400000, 0x000000070a400000, 0x000000070a600000|  0%| F|  |TAMS 0x000000070a400000, 0x000000070a400000| Untracked 
|  70|0x000000070a600000, 0x000000070a600000, 0x000000070a800000|  0%| F|  |TAMS 0x000000070a600000, 0x000000070a600000| Untracked 
|  71|0x000000070a800000, 0x000000070a800000, 0x000000070aa00000|  0%| F|  |TAMS 0x000000070a800000, 0x000000070a800000| Untracked 
|  72|0x000000070aa00000, 0x000000070aa00000, 0x000000070ac00000|  0%| F|  |TAMS 0x000000070aa00000, 0x000000070aa00000| Untracked 
|  73|0x000000070ac00000, 0x000000070ac00000, 0x000000070ae00000|  0%| F|  |TAMS 0x000000070ac00000, 0x000000070ac00000| Untracked 
|  74|0x000000070ae00000, 0x000000070ae00000, 0x000000070b000000|  0%| F|  |TAMS 0x000000070ae00000, 0x000000070ae00000| Untracked 
|  75|0x000000070b000000, 0x000000070b000000, 0x000000070b200000|  0%| F|  |TAMS 0x000000070b000000, 0x000000070b000000| Untracked 
|  76|0x000000070b200000, 0x000000070b200000, 0x000000070b400000|  0%| F|  |TAMS 0x000000070b200000, 0x000000070b200000| Untracked 
|  77|0x000000070b400000, 0x000000070b400000, 0x000000070b600000|  0%| F|  |TAMS 0x000000070b400000, 0x000000070b400000| Untracked 
|  78|0x000000070b600000, 0x000000070b600000, 0x000000070b800000|  0%| F|  |TAMS 0x000000070b600000, 0x000000070b600000| Untracked 
|  79|0x000000070b800000, 0x000000070b800000, 0x000000070ba00000|  0%| F|  |TAMS 0x000000070b800000, 0x000000070b800000| Untracked 
|  80|0x000000070ba00000, 0x000000070ba00000, 0x000000070bc00000|  0%| F|  |TAMS 0x000000070ba00000, 0x000000070ba00000| Untracked 
|  81|0x000000070bc00000, 0x000000070bc00000, 0x000000070be00000|  0%| F|  |TAMS 0x000000070bc00000, 0x000000070bc00000| Untracked 
|  82|0x000000070be00000, 0x000000070be00000, 0x000000070c000000|  0%| F|  |TAMS 0x000000070be00000, 0x000000070be00000| Untracked 
|  83|0x000000070c000000, 0x000000070c000000, 0x000000070c200000|  0%| F|  |TAMS 0x000000070c000000, 0x000000070c000000| Untracked 
|  84|0x000000070c200000, 0x000000070c200000, 0x000000070c400000|  0%| F|  |TAMS 0x000000070c200000, 0x000000070c200000| Untracked 
|  85|0x000000070c400000, 0x000000070c400000, 0x000000070c600000|  0%| F|  |TAMS 0x000000070c400000, 0x000000070c400000| Untracked 
|  86|0x000000070c600000, 0x000000070c600000, 0x000000070c800000|  0%| F|  |TAMS 0x000000070c600000, 0x000000070c600000| Untracked 
|  87|0x000000070c800000, 0x000000070c800000, 0x000000070ca00000|  0%| F|  |TAMS 0x000000070c800000, 0x000000070c800000| Untracked 
|  88|0x000000070ca00000, 0x000000070ca00000, 0x000000070cc00000|  0%| F|  |TAMS 0x000000070ca00000, 0x000000070ca00000| Untracked 
|  89|0x000000070cc00000, 0x000000070cc00000, 0x000000070ce00000|  0%| F|  |TAMS 0x000000070cc00000, 0x000000070cc00000| Untracked 
|  90|0x000000070ce00000, 0x000000070ce00000, 0x000000070d000000|  0%| F|  |TAMS 0x000000070ce00000, 0x000000070ce00000| Untracked 
|  91|0x000000070d000000, 0x000000070d000000, 0x000000070d200000|  0%| F|  |TAMS 0x000000070d000000, 0x000000070d000000| Untracked 
|  92|0x000000070d200000, 0x000000070d200000, 0x000000070d400000|  0%| F|  |TAMS 0x000000070d200000, 0x000000070d200000| Untracked 
|  93|0x000000070d400000, 0x000000070d400000, 0x000000070d600000|  0%| F|  |TAMS 0x000000070d400000, 0x000000070d400000| Untracked 
|  94|0x000000070d600000, 0x000000070d600000, 0x000000070d800000|  0%| F|  |TAMS 0x000000070d600000, 0x000000070d600000| Untracked 
|  95|0x000000070d800000, 0x000000070d800000, 0x000000070da00000|  0%| F|  |TAMS 0x000000070d800000, 0x000000070d800000| Untracked 
|  96|0x000000070da00000, 0x000000070da00000, 0x000000070dc00000|  0%| F|  |TAMS 0x000000070da00000, 0x000000070da00000| Untracked 
|  97|0x000000070dc00000, 0x000000070dc00000, 0x000000070de00000|  0%| F|  |TAMS 0x000000070dc00000, 0x000000070dc00000| Untracked 
|  98|0x000000070de00000, 0x000000070de00000, 0x000000070e000000|  0%| F|  |TAMS 0x000000070de00000, 0x000000070de00000| Untracked 
|  99|0x000000070e000000, 0x000000070e000000, 0x000000070e200000|  0%| F|  |TAMS 0x000000070e000000, 0x000000070e000000| Untracked 
| 100|0x000000070e200000, 0x000000070e200000, 0x000000070e400000|  0%| F|  |TAMS 0x000000070e200000, 0x000000070e200000| Untracked 
| 101|0x000000070e400000, 0x000000070e400000, 0x000000070e600000|  0%| F|  |TAMS 0x000000070e400000, 0x000000070e400000| Untracked 
| 102|0x000000070e600000, 0x000000070e600000, 0x000000070e800000|  0%| F|  |TAMS 0x000000070e600000, 0x000000070e600000| Untracked 
| 103|0x000000070e800000, 0x000000070e800000, 0x000000070ea00000|  0%| F|  |TAMS 0x000000070e800000, 0x000000070e800000| Untracked 
| 104|0x000000070ea00000, 0x000000070ea00000, 0x000000070ec00000|  0%| F|  |TAMS 0x000000070ea00000, 0x000000070ea00000| Untracked 
| 105|0x000000070ec00000, 0x000000070ec00000, 0x000000070ee00000|  0%| F|  |TAMS 0x000000070ec00000, 0x000000070ec00000| Untracked 
| 106|0x000000070ee00000, 0x000000070ee00000, 0x000000070f000000|  0%| F|  |TAMS 0x000000070ee00000, 0x000000070ee00000| Untracked 
| 107|0x000000070f000000, 0x000000070f000000, 0x000000070f200000|  0%| F|  |TAMS 0x000000070f000000, 0x000000070f000000| Untracked 
| 108|0x000000070f200000, 0x000000070f200000, 0x000000070f400000|  0%| F|  |TAMS 0x000000070f200000, 0x000000070f200000| Untracked 
| 109|0x000000070f400000, 0x000000070f400000, 0x000000070f600000|  0%| F|  |TAMS 0x000000070f400000, 0x000000070f400000| Untracked 
| 110|0x000000070f600000, 0x000000070f600000, 0x000000070f800000|  0%| F|  |TAMS 0x000000070f600000, 0x000000070f600000| Untracked 
| 111|0x000000070f800000, 0x000000070f800000, 0x000000070fa00000|  0%| F|  |TAMS 0x000000070f800000, 0x000000070f800000| Untracked 
| 112|0x000000070fa00000, 0x000000070fb61cb0, 0x000000070fc00000| 69%| S|CS|TAMS 0x000000070fa00000, 0x000000070fa00000| Complete 
| 113|0x000000070fc00000, 0x000000070fc00000, 0x000000070fe00000|  0%| F|  |TAMS 0x000000070fc00000, 0x000000070fc00000| Untracked 
| 114|0x000000070fe00000, 0x000000070fe00000, 0x0000000710000000|  0%| F|  |TAMS 0x000000070fe00000, 0x000000070fe00000| Untracked 
| 115|0x0000000710000000, 0x0000000710000000, 0x0000000710200000|  0%| F|  |TAMS 0x0000000710000000, 0x0000000710000000| Untracked 
| 116|0x0000000710200000, 0x0000000710200000, 0x0000000710400000|  0%| F|  |TAMS 0x0000000710200000, 0x0000000710200000| Untracked 
| 117|0x0000000710400000, 0x0000000710400000, 0x0000000710600000|  0%| F|  |TAMS 0x0000000710400000, 0x0000000710400000| Untracked 
| 118|0x0000000710600000, 0x0000000710600000, 0x0000000710800000|  0%| F|  |TAMS 0x0000000710600000, 0x0000000710600000| Untracked 
| 119|0x0000000710800000, 0x0000000710800000, 0x0000000710a00000|  0%| F|  |TAMS 0x0000000710800000, 0x0000000710800000| Untracked 
| 120|0x0000000710a00000, 0x0000000710a00000, 0x0000000710c00000|  0%| F|  |TAMS 0x0000000710a00000, 0x0000000710a00000| Untracked 
| 121|0x0000000710c00000, 0x0000000710c00000, 0x0000000710e00000|  0%| F|  |TAMS 0x0000000710c00000, 0x0000000710c00000| Untracked 
| 122|0x0000000710e00000, 0x0000000710e00000, 0x0000000711000000|  0%| F|  |TAMS 0x0000000710e00000, 0x0000000710e00000| Untracked 
| 123|0x0000000711000000, 0x00000007110927b0, 0x0000000711200000| 28%| E|  |TAMS 0x0000000711000000, 0x0000000711000000| Complete 
| 124|0x0000000711200000, 0x0000000711400000, 0x0000000711400000|100%| E|CS|TAMS 0x0000000711200000, 0x0000000711200000| Complete 
| 125|0x0000000711400000, 0x0000000711600000, 0x0000000711600000|100%| E|CS|TAMS 0x0000000711400000, 0x0000000711400000| Complete 
| 126|0x0000000711600000, 0x0000000711800000, 0x0000000711800000|100%| E|CS|TAMS 0x0000000711600000, 0x0000000711600000| Complete 
| 127|0x0000000711800000, 0x0000000711a00000, 0x0000000711a00000|100%| E|CS|TAMS 0x0000000711800000, 0x0000000711800000| Complete 

Card table byte_map: [0x000001fadfb20000,0x000001fae0320000] _byte_map_base: 0x000001fadc313000

Marking Bits (Prev, Next): (CMBitMap*) 0x000001fac681ae10, (CMBitMap*) 0x000001fac681ae50
 Prev Bits: [0x000001fae0b20000, 0x000001fae4ab8000)
 Next Bits: [0x000001fae4ac0000, 0x000001fae8a58000)

Polling page: 0x000001fac6860000

Metaspace:

Usage:
  Non-class:      8.12 MB used.
      Class:   1001.02 KB used.
       Both:      9.09 MB used.

Virtual space:
  Non-class space:       64.00 MB reserved,       8.25 MB ( 13%) committed,  1 nodes.
      Class space:        1.00 GB reserved,       1.06 MB ( <1%) committed,  1 nodes.
             Both:        1.06 GB reserved,       9.31 MB ( <1%) committed. 

Chunk freelists:
   Non-Class:  3.36 MB
       Class:  2.89 MB
        Both:  6.25 MB

MaxMetaspaceSize: unlimited
CompressedClassSpaceSize: 1.00 GB
Initial GC threshold: 21.00 MB
Current GC threshold: 21.00 MB
CDS: on
MetaspaceReclaimPolicy: balanced
 - commit_granule_bytes: 65536.
 - commit_granule_words: 8192.
 - virtual_space_node_default_size: 8388608.
 - enlarge_chunks_in_place: 1.
 - new_chunks_are_fully_committed: 0.
 - uncommit_free_chunks: 1.
 - use_allocation_guard: 0.


Internal statistics:

num_allocs_failed_limit: 0.
num_arena_births: 160.
num_arena_deaths: 0.
num_vsnodes_births: 2.
num_vsnodes_deaths: 0.
num_space_committed: 149.
num_space_uncommitted: 0.
num_chunks_returned_to_freelist: 0.
num_chunks_taken_from_freelist: 430.
num_chunk_merges: 0.
num_chunk_splits: 235.
num_chunks_enlarged: 159.
num_inconsistent_stats: 0.

CodeHeap 'non-profiled nmethods': size=120000Kb used=815Kb max_used=815Kb free=119184Kb
 bounds [0x000001fad7390000, 0x000001fad7600000, 0x000001fade8c0000]
CodeHeap 'profiled nmethods': size=120000Kb used=3720Kb max_used=3720Kb free=116279Kb
 bounds [0x000001facfe60000, 0x000001fad0210000, 0x000001fad7390000]
CodeHeap 'non-nmethods': size=5760Kb used=1274Kb max_used=1349Kb free=4485Kb
 bounds [0x000001facf8c0000, 0x000001facfb30000, 0x000001facfe60000]
 total_blobs=2278 nmethods=1786 adapters=404
 compilation: enabled
              stopped_count=0, restarted_count=0
 full_count=0

Compilation events (20 events):
Event: 1.220 Thread 0x000001faeb513790 nmethod 1777 0x000001fad01ff290 code [0x000001fad01ff440, 0x000001fad01ff608]
Event: 1.220 Thread 0x000001faeb513790 1778  s!   3       java.util.jar.JarFile::ensureInitialization (74 bytes)
Event: 1.220 Thread 0x000001faeb513790 nmethod 1778 0x000001fad01ff710 code [0x000001fad01ff920, 0x000001fad01fff78]
Event: 1.220 Thread 0x000001faeb513790 1779       3       jdk.internal.loader.URLClassPath$JarLoader$2::getInputStream (15 bytes)
Event: 1.220 Thread 0x000001faeb513790 nmethod 1779 0x000001fad0200190 code [0x000001fad0200340, 0x000001fad0200528]
Event: 1.220 Thread 0x000001faeb513790 1780       3       jdk.internal.loader.URLClassPath$JarLoader$2::getBytes (48 bytes)
Event: 1.220 Thread 0x000001faeb513790 nmethod 1780 0x000001fad0200610 code [0x000001fad0200800, 0x000001fad0200e68]
Event: 1.220 Thread 0x000001faeb513790 1781       3       jdk.internal.loader.URLClassPath$JarLoader$2::getContentLength (9 bytes)
Event: 1.221 Thread 0x000001faeb513790 nmethod 1781 0x000001fad0201110 code [0x000001fad02012a0, 0x000001fad0201458]
Event: 1.221 Thread 0x000001faeb513790 1782       3       java.util.zip.CRC32::<init> (5 bytes)
Event: 1.221 Thread 0x000001faeb513790 nmethod 1782 0x000001fad0201510 code [0x000001fad02016a0, 0x000001fad02017f8]
Event: 1.221 Thread 0x000001faeb513790 1783       3       java.util.zip.Checksum::update (11 bytes)
Event: 1.221 Thread 0x000001faeb513790 nmethod 1783 0x000001fad0201890 code [0x000001fad0201a40, 0x000001fad0201be8]
Event: 1.352 Thread 0x000001faeb512c70 nmethod 1670% 0x000001fad743e210 code [0x000001fad743e660, 0x000001fad7447aa8]
Event: 241.129 Thread 0x000001faeb513790 1784       3       jdk.internal.misc.InnocuousThread::eraseThreadLocals (23 bytes)
Event: 241.130 Thread 0x000001faeb513790 nmethod 1784 0x000001fad0201d10 code [0x000001fad0201ea0, 0x000001fad0202098]
Event: 2443.114 Thread 0x000001faeb512c70 1785       4       org.eclipse.jdt.launching.internal.org.objectweb.asm.ClassReader::<init> (371 bytes)
Event: 2443.140 Thread 0x000001faeb512c70 

Event: 2443.141 Thread 0x000001faeb512c70 1786       4       org.eclipse.jdt.launching.internal.org.objectweb.asm.SymbolTable::<init> (536 bytes)
Event: 2443.339 Thread 0x000001faeb512c70 nmethod 1786 0x000001fad744c610 code [0x000001fad744ca80, 0x000001fad74569e8]

GC Heap History (4 events):
Event: 0.721 GC heap before
{Heap before GC invocations=0 (full 0):
 garbage-first heap   total 262144K, used 20480K [0x0000000701a00000, 0x0000000800000000)
  region size 2048K, 11 young (22528K), 0 survivors (0K)
 Metaspace       used 4416K, committed 4608K, reserved 1114112K
  class space    used 410K, committed 512K, reserved 1048576K
}
Event: 0.725 GC heap after
{Heap after GC invocations=1 (full 0):
 garbage-first heap   total 262144K, used 6669K [0x0000000701a00000, 0x0000000800000000)
  region size 2048K, 2 young (4096K), 2 survivors (4096K)
 Metaspace       used 4416K, committed 4608K, reserved 1114112K
  class space    used 410K, committed 512K, reserved 1048576K
}
Event: 1.103 GC heap before
{Heap before GC invocations=1 (full 0):
 garbage-first heap   total 262144K, used 33293K [0x0000000701a00000, 0x0000000800000000)
  region size 2048K, 15 young (30720K), 2 survivors (4096K)
 Metaspace       used 7953K, committed 8192K, reserved 1114112K
  class space    used 885K, committed 1024K, reserved 1048576K
}
Event: 1.106 GC heap after
{Heap after GC invocations=2 (full 0):
 garbage-first heap   total 262144K, used 7932K [0x0000000701a00000, 0x0000000800000000)
  region size 2048K, 1 young (2048K), 1 survivors (2048K)
 Metaspace       used 7953K, committed 8192K, reserved 1114112K
  class space    used 885K, committed 1024K, reserved 1048576K
}

Deoptimization events (20 events):
Event: 1.093 Thread 0x000001fac67a75b0 DEOPT PACKING pc=0x000001fad73fe11c sp=0x000000e2315fa8e0
Event: 1.093 Thread 0x000001fac67a75b0 DEOPT UNPACKING pc=0x000001facf9123a3 sp=0x000000e2315fa878 mode 2
Event: 1.113 Thread 0x000001fac67a75b0 DEOPT PACKING pc=0x000001fad01a8873 sp=0x000000e2315f59a0
Event: 1.113 Thread 0x000001fac67a75b0 DEOPT UNPACKING pc=0x000001facf912b43 sp=0x000000e2315f4eb8 mode 0
Event: 1.128 Thread 0x000001fac67a75b0 DEOPT PACKING pc=0x000001fad00dc9d1 sp=0x000000e2315faae0
Event: 1.128 Thread 0x000001fac67a75b0 DEOPT UNPACKING pc=0x000001facf912b43 sp=0x000000e2315f9f38 mode 1
Event: 1.128 Thread 0x000001fac67a75b0 DEOPT PACKING pc=0x000001fad002f7dc sp=0x000000e2315fab70
Event: 1.128 Thread 0x000001fac67a75b0 DEOPT UNPACKING pc=0x000001facf912b43 sp=0x000000e2315fa028 mode 1
Event: 1.130 Thread 0x000001fac67a75b0 Uncommon trap: trap_request=0xffffff45 fr.pc=0x000001fad73eb850 relative=0x00000000000010b0
Event: 1.130 Thread 0x000001fac67a75b0 Uncommon trap: reason=unstable_if action=reinterpret pc=0x000001fad73eb850 method=java.util.concurrent.ConcurrentHashMap.putVal(Ljava/lang/Object;Ljava/lang/Object;Z)Ljava/lang/Object; @ 148 c2
Event: 1.130 Thread 0x000001fac67a75b0 DEOPT PACKING pc=0x000001fad73eb850 sp=0x000000e2315fbf30
Event: 1.130 Thread 0x000001fac67a75b0 DEOPT UNPACKING pc=0x000001facf9123a3 sp=0x000000e2315fbee0 mode 2
Event: 1.193 Thread 0x000001fac67a75b0 DEOPT PACKING pc=0x000001facfeae8e7 sp=0x000000e2315fbaf0
Event: 1.193 Thread 0x000001fac67a75b0 DEOPT UNPACKING pc=0x000001facf912b43 sp=0x000000e2315faf80 mode 0
Event: 1.217 Thread 0x000001fac67a75b0 DEOPT PACKING pc=0x000001fad01a8873 sp=0x000000e2315f65c0
Event: 1.217 Thread 0x000001fac67a75b0 DEOPT UNPACKING pc=0x000001facf912b43 sp=0x000000e2315f5ab8 mode 0
Event: 2443.114 Thread 0x000001faef94a7b0 DEOPT PACKING pc=0x000001fad0026e13 sp=0x000000e2326fdfd0
Event: 2443.114 Thread 0x000001faef94a7b0 DEOPT UNPACKING pc=0x000001facf912b43 sp=0x000000e2326fd4c0 mode 0
Event: 2443.114 Thread 0x000001faef94a7b0 DEOPT PACKING pc=0x000001fad002a619 sp=0x000000e2326fde70
Event: 2443.114 Thread 0x000001faef94a7b0 DEOPT UNPACKING pc=0x000001facf912b43 sp=0x000000e2326fd420 mode 0

Classes loaded (20 events):
Event: 1.142 Loading class sun/security/provider/SHA
Event: 1.142 Loading class sun/security/provider/SHA done
Event: 1.147 Loading class java/util/regex/Pattern$Loop
Event: 1.147 Loading class java/util/regex/Pattern$Loop done
Event: 1.147 Loading class java/util/regex/Pattern$Prolog
Event: 1.147 Loading class java/util/regex/Pattern$Prolog done
Event: 1.206 Loading class java/text/ParsePosition
Event: 1.206 Loading class java/text/ParsePosition done
Event: 1.206 Loading class java/time/format/DateTimeParseContext
Event: 1.206 Loading class java/time/format/DateTimeParseContext done
Event: 1.206 Loading class java/time/format/Parsed
Event: 1.206 Loading class java/time/format/Parsed done
Event: 1.208 Loading class java/time/ZonedDateTime
Event: 1.208 Loading class java/time/chrono/ChronoZonedDateTime
Event: 1.208 Loading class java/time/chrono/ChronoZonedDateTime done
Event: 1.208 Loading class java/time/ZonedDateTime done
Event: 1.208 Loading class java/time/OffsetDateTime
Event: 1.208 Loading class java/time/OffsetDateTime done
Event: 1.220 Loading class java/lang/ArrayIndexOutOfBoundsException
Event: 1.220 Loading class java/lang/ArrayIndexOutOfBoundsException done

Classes unloaded (0 events):
No events

Classes redefined (7 events):
Event: 2.952 Thread 0x000001faeb4e5770 redefined class name=com.bueffeltier.data.jdbc.ArticleDaoJDBCFlatImplTest, count=1
Event: 193.454 Thread 0x000001faeb4e5770 redefined class name=com.bueffeltier.data.jdbc.ArticleDaoJDBCFlatImplTest, count=2
Event: 2443.120 Thread 0x000001faeb4e5770 redefined class name=com.bueffeltier.data.jdbc.ArticleDaoJDBCFlatImpl, count=1
Event: 29964.371 Thread 0x000001faeb4e5770 redefined class name=com.bueffeltier.data.jdbc.ArticleDaoJDBCFlatImpl, count=2
Event: 30003.783 Thread 0x000001faeb4e5770 redefined class name=com.bueffeltier.data.jdbc.ArticleDaoJDBCFlatImpl, count=3
Event: 30060.302 Thread 0x000001faeb4e5770 redefined class name=com.bueffeltier.data.jdbc.ArticleDaoJDBCFlatImpl, count=4
Event: 30348.055 Thread 0x000001faeb4e5770 redefined class name=com.bueffeltier.data.jdbc.ArticleDaoJDBCFlatImpl, count=5

Internal exceptions (20 events):
Event: 0.933 Thread 0x000001fac67a75b0 Exception <a 'java/lang/NoSuchMethodError'{0x0000000710db80e0}: 'java.lang.Object java.lang.invoke.Invokers$Holder.invokeExact_MT(java.lang.Object, java.lang.Object, java.lang.Object, java.lang.Object, java.lang.Object, java.lang.Object)'> (0x0000000710db80e0) 
thrown [s\open\src\hotspot\share\interpreter\linkResolver.cpp, line 759]
Event: 0.935 Thread 0x000001fac67a75b0 Exception <a 'java/lang/NoSuchMethodError'{0x0000000710dc86b8}: 'int java.lang.invoke.DirectMethodHandle$Holder.invokeStatic(java.lang.Object, java.lang.Object, java.lang.Object, java.lang.Object, java.lang.Object)'> (0x0000000710dc86b8) 
thrown [s\open\src\hotspot\share\interpreter\linkResolver.cpp, line 759]
Event: 0.945 Thread 0x000001fac67a75b0 Exception <a 'java/lang/NoSuchMethodError'{0x0000000710a516e8}: 'void java.lang.invoke.DirectMethodHandle$Holder.invokeStaticInit(java.lang.Object)'> (0x0000000710a516e8) 
thrown [s\open\src\hotspot\share\interpreter\linkResolver.cpp, line 759]
Event: 0.975 Thread 0x000001fac67a75b0 Exception <a 'java/lang/NoSuchMethodError'{0x00000007108ca7d0}: 'int java.lang.invoke.DirectMethodHandle$Holder.invokeStaticInit(java.lang.Object, java.lang.Object)'> (0x00000007108ca7d0) 
thrown [s\open\src\hotspot\share\interpreter\linkResolver.cpp, line 759]
Event: 0.985 Thread 0x000001fac67a75b0 Exception <a 'java/lang/NoSuchMethodError'{0x0000000710985058}: 'int java.lang.invoke.DirectMethodHandle$Holder.invokeInterface(java.lang.Object, java.lang.Object)'> (0x0000000710985058) 
thrown [s\open\src\hotspot\share\interpreter\linkResolver.cpp, line 759]
Event: 1.015 Thread 0x000001fac67a75b0 Exception <a 'java/lang/NoSuchMethodError'{0x00000007106df2f0}: 'java.lang.Object java.lang.invoke.DirectMethodHandle$Holder.newInvokeSpecial(java.lang.Object, java.lang.Object, java.lang.Object, java.lang.Object, java.lang.Object, java.lang.Object)'> (0x00000007106df2f0) 
thrown [s\open\src\hotspot\share\interpreter\linkResolver.cpp, line 759]
Event: 1.015 Thread 0x000001fac67a75b0 Exception <a 'java/lang/IncompatibleClassChangeError'{0x00000007106e3e08}: Found class java.lang.Object, but interface was expected> (0x00000007106e3e08) 
thrown [s\open\src\hotspot\share\interpreter\linkResolver.cpp, line 826]
Event: 1.037 Thread 0x000001fac67a75b0 Exception <a 'java/lang/NoSuchMethodError'{0x0000000710413840}: 'java.lang.Object java.lang.invoke.DirectMethodHandle$Holder.newInvokeSpecial(java.lang.Object, java.lang.Object, java.lang.Object, java.lang.Object, java.lang.Object, java.lang.Object, java.lang.Object)'> (0x0000000710413840) 
thrown [s\open\src\hotspot\share\interpreter\linkResolver.cpp, line 759]
Event: 1.037 Thread 0x000001fac67a75b0 Exception <a 'java/lang/NoSuchMethodError'{0x0000000710418400}: 'java.lang.Object java.lang.invoke.Invokers$Holder.linkToTargetMethod(java.lang.Object, java.lang.Object, java.lang.Object, java.lang.Object, java.lang.Object, java.lang.Object, java.lang.Object)'> (0x0000000710418400) 
thrown [s\open\src\hotspot\share\interpreter\linkResolver.cpp, line 759]
Event: 1.040 Thread 0x000001fac67a75b0 Exception <a 'java/lang/NoSuchMethodError'{0x000000071042e168}: 'java.lang.Object java.lang.invoke.DirectMethodHandle$Holder.invokeInterface(java.lang.Object, java.lang.Object, java.lang.Object, java.lang.Object, java.lang.Object)'> (0x000000071042e168) 
thrown [s\open\src\hotspot\share\interpreter\linkResolver.cpp, line 759]
Event: 1.040 Thread 0x000001fac67a75b0 Exception <a 'java/lang/IncompatibleClassChangeError'{0x0000000710431f60}: Found class java.lang.Object, but interface was expected> (0x0000000710431f60) 
thrown [s\open\src\hotspot\share\interpreter\linkResolver.cpp, line 826]
Event: 1.045 Thread 0x000001fac67a75b0 Exception <a 'java/lang/IncompatibleClassChangeError'{0x000000071047d570}: Found class java.lang.Object, but interface was expected> (0x000000071047d570) 
thrown [s\open\src\hotspot\share\interpreter\linkResolver.cpp, line 826]
Event: 1.047 Thread 0x000001fac67a75b0 Exception <a 'java/lang/NoSuchMethodError'{0x000000071048aa80}: 'void java.lang.invoke.DirectMethodHandle$Holder.invokeVirtual(java.lang.Object, java.lang.Object)'> (0x000000071048aa80) 
thrown [s\open\src\hotspot\share\interpreter\linkResolver.cpp, line 759]
Event: 1.063 Thread 0x000001fac67a75b0 Exception <a 'java/lang/NoSuchMethodError'{0x000000070fe11930}: 'void java.lang.invoke.Invokers$Holder.invokeExact_MT(java.lang.Object, java.lang.Object, java.lang.Object, java.lang.Object)'> (0x000000070fe11930) 
thrown [s\open\src\hotspot\share\interpreter\linkResolver.cpp, line 759]
Event: 1.068 Thread 0x000001fac67a75b0 Exception <a 'java/lang/NoSuchMethodError'{0x000000070fe5dac8}: 'void java.lang.invoke.DelegatingMethodHandle$Holder.reinvoke_L(java.lang.Object, java.lang.Object, int)'> (0x000000070fe5dac8) 
thrown [s\open\src\hotspot\share\interpreter\linkResolver.cpp, line 759]
Event: 1.068 Thread 0x000001fac67a75b0 Exception <a 'java/lang/NoSuchMethodError'{0x000000070fe64ed0}: 'int java.lang.invoke.Invokers$Holder.invokeExact_MT(java.lang.Object, java.lang.Object, java.lang.Object)'> (0x000000070fe64ed0) 
thrown [s\open\src\hotspot\share\interpreter\linkResolver.cpp, line 759]
Event: 1.093 Thread 0x000001fac67a75b0 Implicit null exception at 0x000001fad74111e4 to 0x000001fad7412b88
Event: 1.093 Thread 0x000001fac67a75b0 Implicit null exception at 0x000001fad73fe08f to 0x000001fad73fe10d
Event: 1.113 Thread 0x000001fac67a75b0 Exception <a 'java/lang/NoSuchMethodError'{0x000000071191f670}: 'java.lang.Object java.lang.invoke.DirectMethodHandle$Holder.newInvokeSpecial(java.lang.Object, java.lang.Object, java.lang.Object, java.lang.Object, int)'> (0x000000071191f670) 
thrown [s\open\src\hotspot\share\interpreter\linkResolver.cpp, line 759]
Event: 1.128 Thread 0x000001fac67a75b0 Exception <a 'java/lang/NoClassDefFoundError'{0x0000000711690c80}: com/sun/jna/Platform> (0x0000000711690c80) 
thrown [s\open\src\hotspot\share\classfile\systemDictionary.cpp, line 244]

VM Operations (20 events):
Event: 29964.401 Executing VM operation: ChangeBreakpoints
Event: 29964.402 Executing VM operation: ChangeBreakpoints done
Event: 30003.778 Executing VM operation: RedefineClasses
Event: 30003.788 Executing VM operation: RedefineClasses done
Event: 30003.798 Executing VM operation: ChangeBreakpoints
Event: 30003.799 Executing VM operation: ChangeBreakpoints done
Event: 30003.807 Executing VM operation: ChangeBreakpoints
Event: 30003.808 Executing VM operation: ChangeBreakpoints done
Event: 30060.296 Executing VM operation: RedefineClasses
Event: 30060.309 Executing VM operation: RedefineClasses done
Event: 30060.316 Executing VM operation: ChangeBreakpoints
Event: 30060.319 Executing VM operation: ChangeBreakpoints done
Event: 30060.329 Executing VM operation: ChangeBreakpoints
Event: 30060.330 Executing VM operation: ChangeBreakpoints done
Event: 30348.053 Executing VM operation: RedefineClasses
Event: 30348.059 Executing VM operation: RedefineClasses done
Event: 30348.067 Executing VM operation: ChangeBreakpoints
Event: 30348.068 Executing VM operation: ChangeBreakpoints done
Event: 30348.073 Executing VM operation: ChangeBreakpoints
Event: 30348.074 Executing VM operation: ChangeBreakpoints done

Events (20 events):
Event: 0.029 Thread 0x000001faeb512c70 Thread added: 0x000001faeb512c70
Event: 0.029 Thread 0x000001faeb513790 Thread added: 0x000001faeb513790
Event: 0.029 Thread 0x000001faeb527950 Thread added: 0x000001faeb527950
Event: 0.105 Thread 0x000001faef867a70 Thread added: 0x000001faef867a70
Event: 0.129 Thread 0x000001faef94a7b0 Thread added: 0x000001faef94a7b0
Event: 0.129 Thread 0x000001faef950dc0 Thread added: 0x000001faef950dc0
Event: 0.129 Thread 0x000001faefa111c0 Thread added: 0x000001faefa111c0
Event: 0.202 Loaded shared library C:\Program Files\Java\openjdk-18.0.2.1\bin\zip.dll
Event: 0.205 Loaded shared library C:\Program Files\Java\openjdk-18.0.2.1\bin\instrument.dll
Event: 0.212 Loaded shared library C:\Program Files\Java\openjdk-18.0.2.1\bin\net.dll
Event: 0.213 Loaded shared library C:\Program Files\Java\openjdk-18.0.2.1\bin\nio.dll
Event: 0.219 Loaded shared library C:\Program Files\Java\openjdk-18.0.2.1\bin\zip.dll
Event: 0.261 Thread 0x000001faef9e3c20 Thread added: 0x000001faef9e3c20
Event: 0.383 Loaded shared library C:\Program Files\Java\openjdk-18.0.2.1\bin\jimage.dll
Event: 0.474 Thread 0x000001faf04060a0 Thread added: 0x000001faf04060a0
Event: 0.480 Loaded shared library C:\Program Files\Java\openjdk-18.0.2.1\bin\verify.dll
Event: 0.653 Thread 0x000001faf078b0f0 Thread added: 0x000001faf078b0f0
Event: 1.171 Thread 0x000001faf14d7990 Thread added: 0x000001faf14d7990
Event: 6.223 Thread 0x000001faf14d7990 Thread exited: 0x000001faf14d7990
Event: 11.232 Thread 0x000001faef9e3c20 Thread exited: 0x000001faef9e3c20


Dynamic libraries:
0x00007ff6b7d90000 - 0x00007ff6b7d9e000 	C:\Program Files\Java\openjdk-18.0.2.1\bin\javaw.exe
0x00007ffad5cb0000 - 0x00007ffad5ea8000 	C:\WINDOWS\SYSTEM32\ntdll.dll
0x00007ffad5500000 - 0x00007ffad55bf000 	C:\WINDOWS\System32\KERNEL32.DLL
0x00007ffad34b0000 - 0x00007ffad3782000 	C:\WINDOWS\System32\KERNELBASE.dll
0x00007ffad3860000 - 0x00007ffad3960000 	C:\WINDOWS\System32\ucrtbase.dll
0x00007ffabe840000 - 0x00007ffabe857000 	C:\Program Files\Java\openjdk-18.0.2.1\bin\jli.dll
0x00007ffabe820000 - 0x00007ffabe83a000 	C:\Program Files\Java\openjdk-18.0.2.1\bin\VCRUNTIME140.dll
0x00007ffad45c0000 - 0x00007ffad475d000 	C:\WINDOWS\System32\USER32.dll
0x00007ffad3830000 - 0x00007ffad3852000 	C:\WINDOWS\System32\win32u.dll
0x00007ffac1550000 - 0x00007ffac17ea000 	C:\WINDOWS\WinSxS\amd64_microsoft.windows.common-controls_6595b64144ccf1df_6.0.19041.1110_none_60b5254171f9507e\COMCTL32.dll
0x00007ffad5b10000 - 0x00007ffad5b3b000 	C:\WINDOWS\System32\GDI32.dll
0x00007ffad4440000 - 0x00007ffad44de000 	C:\WINDOWS\System32\msvcrt.dll
0x00007ffad3bf0000 - 0x00007ffad3cff000 	C:\WINDOWS\System32\gdi32full.dll
0x00007ffad3790000 - 0x00007ffad382d000 	C:\WINDOWS\System32\msvcp_win.dll
0x00007ffad4b50000 - 0x00007ffad4b82000 	C:\WINDOWS\System32\IMM32.DLL
0x00007ffabe890000 - 0x00007ffabe89c000 	C:\Program Files\Java\openjdk-18.0.2.1\bin\vcruntime140_1.dll
0x00007ffab3180000 - 0x00007ffab320d000 	C:\Program Files\Java\openjdk-18.0.2.1\bin\msvcp140.dll
0x00007ffa624b0000 - 0x00007ffa630c1000 	C:\Program Files\Java\openjdk-18.0.2.1\bin\server\jvm.dll
0x00007ffad53b0000 - 0x00007ffad545e000 	C:\WINDOWS\System32\ADVAPI32.dll
0x00007ffad5460000 - 0x00007ffad54fc000 	C:\WINDOWS\System32\sechost.dll
0x00007ffad48f0000 - 0x00007ffad4a15000 	C:\WINDOWS\System32\RPCRT4.dll
0x00007ffad3d10000 - 0x00007ffad3d18000 	C:\WINDOWS\System32\PSAPI.DLL
0x00007ffab15d0000 - 0x00007ffab15d9000 	C:\WINDOWS\SYSTEM32\WSOCK32.dll
0x00007ffad2120000 - 0x00007ffad212a000 	C:\WINDOWS\SYSTEM32\VERSION.dll
0x00007ffabe530000 - 0x00007ffabe557000 	C:\WINDOWS\SYSTEM32\WINMM.dll
0x00007ffad4a80000 - 0x00007ffad4aeb000 	C:\WINDOWS\System32\WS2_32.dll
0x00007ffad1650000 - 0x00007ffad1662000 	C:\WINDOWS\SYSTEM32\kernel.appcore.dll
0x00007ffabc920000 - 0x00007ffabc92a000 	C:\Program Files\Java\openjdk-18.0.2.1\bin\jimage.dll
0x00007ffad1110000 - 0x00007ffad12f4000 	C:\WINDOWS\SYSTEM32\DBGHELP.DLL
0x00007ffac58a0000 - 0x00007ffac58cc000 	C:\WINDOWS\SYSTEM32\dbgcore.DLL
0x00007ffad33b0000 - 0x00007ffad3432000 	C:\WINDOWS\System32\bcryptPrimitives.dll
0x00007ffac06f0000 - 0x00007ffac072b000 	C:\Program Files\Java\openjdk-18.0.2.1\bin\jdwp.dll
0x00007ffac9a50000 - 0x00007ffac9a5e000 	C:\Program Files\Java\openjdk-18.0.2.1\bin\instrument.dll
0x00007ffaae200000 - 0x00007ffaae225000 	C:\Program Files\Java\openjdk-18.0.2.1\bin\java.dll
0x00007ffaa14f0000 - 0x00007ffaa15c6000 	C:\Program Files\Java\openjdk-18.0.2.1\bin\jsvml.dll
0x00007ffad4c60000 - 0x00007ffad53a3000 	C:\WINDOWS\System32\SHELL32.dll
0x00007ffad18f0000 - 0x00007ffad2082000 	C:\WINDOWS\SYSTEM32\windows.storage.dll
0x00007ffad3ea0000 - 0x00007ffad41f4000 	C:\WINDOWS\System32\combase.dll
0x00007ffad2d30000 - 0x00007ffad2d60000 	C:\WINDOWS\SYSTEM32\Wldp.dll
0x00007ffad4b90000 - 0x00007ffad4c3d000 	C:\WINDOWS\System32\SHCORE.dll
0x00007ffad4890000 - 0x00007ffad48e5000 	C:\WINDOWS\System32\shlwapi.dll
0x00007ffad32f0000 - 0x00007ffad330f000 	C:\WINDOWS\SYSTEM32\profapi.dll
0x00007ffac9a40000 - 0x00007ffac9a4c000 	C:\Program Files\Java\openjdk-18.0.2.1\bin\dt_socket.dll
0x00007ffad2780000 - 0x00007ffad27bb000 	C:\WINDOWS\SYSTEM32\IPHLPAPI.DLL
0x00007ffad2a90000 - 0x00007ffad2afa000 	C:\WINDOWS\system32\mswsock.dll
0x00007ffad27c0000 - 0x00007ffad288a000 	C:\WINDOWS\SYSTEM32\DNSAPI.dll
0x00007ffad55c0000 - 0x00007ffad55c8000 	C:\WINDOWS\System32\NSI.dll
0x00007ffac7900000 - 0x00007ffac790a000 	C:\Windows\System32\rasadhlp.dll
0x00007ffac2a20000 - 0x00007ffac2aa0000 	C:\WINDOWS\System32\fwpuclnt.dll
0x00007ffad3960000 - 0x00007ffad3987000 	C:\WINDOWS\System32\bcrypt.dll
0x00007ffaae1c0000 - 0x00007ffaae1d8000 	C:\Program Files\Java\openjdk-18.0.2.1\bin\zip.dll
0x00007ffabc900000 - 0x00007ffabc913000 	C:\Program Files\Java\openjdk-18.0.2.1\bin\net.dll
0x00007ffac5ad0000 - 0x00007ffac5bdc000 	C:\WINDOWS\SYSTEM32\WINHTTP.dll
0x00007ffaae1e0000 - 0x00007ffaae1f6000 	C:\Program Files\Java\openjdk-18.0.2.1\bin\nio.dll
0x00007ffab36e0000 - 0x00007ffab36f0000 	C:\Program Files\Java\openjdk-18.0.2.1\bin\verify.dll
0x00007ffac49a0000 - 0x00007ffac49b7000 	C:\WINDOWS\SYSTEM32\dhcpcsvc6.DLL
0x00007ffac5730000 - 0x00007ffac574d000 	C:\WINDOWS\SYSTEM32\dhcpcsvc.DLL

dbghelp: loaded successfully - version: 4.0.5 - missing functions: none
symbol engine: initialized successfully - sym options: 0x614 - pdb path: .;C:\Program Files\Java\openjdk-18.0.2.1\bin;C:\WINDOWS\SYSTEM32;C:\WINDOWS\WinSxS\amd64_microsoft.windows.common-controls_6595b64144ccf1df_6.0.19041.1110_none_60b5254171f9507e;C:\Program Files\Java\openjdk-18.0.2.1\bin\server

VM Arguments:
jvm_args: -XX:+ShowCodeDetailsInExceptionMessages -agentlib:jdwp=transport=dt_socket,suspend=y,address=localhost:62987 -ea -javaagent:C:\Users\sveng\eclipse\jee-2022-06\eclipse\configuration\org.eclipse.osgi\1043\0\.cp\lib\javaagent-shaded.jar -Dfile.encoding=UTF-8 
java_command: org.eclipse.jdt.internal.junit.runner.RemoteTestRunner -version 3 -port 62986 -testLoaderClass org.eclipse.jdt.internal.junit5.runner.JUnit5TestLoader -loaderpluginname org.eclipse.jdt.junit5.runtime -test com.bueffeltier.data.jdbc.ArticleDaoJDBCFlatImplTest:testUpdate -uniqueId [engine:junit-jupiter]/[class:com.bueffeltier.data.jdbc.ArticleDaoJDBCFlatImplTest]/[method:testUpdate()]
java_class_path (initial): C:\eclipse-workspace\bueffeltier\target\test-classes;C:\eclipse-workspace\bueffeltier\target\classes;C:\Users\sveng\.p2\pool\plugins\junit-jupiter-api_5.9.0.jar;C:\Users\sveng\.p2\pool\plugins\junit-jupiter-engine_5.9.0.jar;C:\Users\sveng\.p2\pool\plugins\junit-jupiter-migrationsupport_5.9.0.jar;C:\Users\sveng\.p2\pool\plugins\junit-jupiter-params_5.9.0.jar;C:\Users\sveng\.p2\pool\plugins\junit-platform-commons_1.9.0.jar;C:\Users\sveng\.p2\pool\plugins\junit-platform-engine_1.9.0.jar;C:\Users\sveng\.p2\pool\plugins\junit-platform-launcher_1.9.0.jar;C:\Users\sveng\.p2\pool\plugins\junit-platform-runner_1.9.0.jar;C:\Users\sveng\.p2\pool\plugins\junit-platform-suite-api_1.9.0.jar;C:\Users\sveng\.p2\pool\plugins\junit-platform-suite-engine_1.9.0.jar;C:\Users\sveng\.p2\pool\plugins\junit-platform-suite-commons_1.9.0.jar;C:\Users\sveng\.p2\pool\plugins\junit-vintage-engine_5.9.0.jar;C:\Users\sveng\.p2\pool\plugins\org.opentest4j_1.2.0.jar;C:\Users\sveng\.p2\pool\plugins\org.apiguardian.api_1.1.2.jar;C:\Users\sveng\.p2\pool\plugins\org.junit_4.13.2.v20211018-1956.jar;C:\Users\sveng\.p2\pool\plugins\org.hamcrest.core_1.3.0.v20180420-1519.jar;E:\#3_Ressourcen\#9_Software\__Programmieren\_Datenbank\_MariaDB Connector-J\mariadb-java-client-3.0.8.jar;C:\Users\sveng\.m2\repository\jakarta\platform\jakarta.jakartaee-web-api\10.0.0\jakarta.jakartaee-web-api-10.0.0.jar;C:\Users\sveng\.m2\repository\jakarta\servlet\jsp\jakarta.servlet.jsp-api\3.1.0\jakarta.servlet.jsp-api-3.1.0.jar;C:\Users\sveng\.m2\repository\jakarta\el\jakarta.el-api\5.0.1\jakarta.el-api-5.0.1.jar;C:\Users\sveng\.m2\repository\jakarta\servlet\jsp\jstl\jakarta.servlet.jsp.jstl-api\3.0.0\jakarta.servlet.jsp.jstl-api-3.0.0.jar;C:\Users\sveng\.m2\repository\jakarta\faces\jakarta.faces-api\4.0.1\jakarta.faces-api-4.0.1.jar;C:\Users\sveng\.m2\repository\jakarta\ws\rs\jakarta.ws.rs-api\3.1.0\jakarta.ws.rs-api-3.1.0.jar;C:\Users\sveng\.m2\repository\jakarta\websocket\jakarta.websocket-api\2.1.0\jakarta.websocket-api-2.1.0.jar;C:\Users\sveng\.m2\repository\jakarta\websocket\jakarta.websocket-client-api\2.1.0\jakarta.websocket-client-api-2.1.0.jar;C:\Users\sveng\.m2\repository\jakarta\json\jakarta.json-api\2.1.0\jakarta.json-api-2.1.0.jar;C:\Users\sveng\.m2\repository\jakarta\json\bind\jakarta.json.bind-api\3.0.0\jakarta.json.bind-api-3.0.0.jar;C:\Users\sveng\.m2\repository\jakarta\annotation\jakarta.annotation-api\2.1.1\jakarta.annotation-api-2.1.1.jar;C:\Users\sveng\.m2\repository\jakarta\ejb\jakarta.ejb-api\4.0.1\jakarta.ejb-api-4.0.1.jar;C:\Users\sveng\.m2\repository\jakarta\transaction\jakarta.transaction-api\2.0.1\jakarta.transaction-api-2.0.1.jar;C:\Users\sveng\.m2\repository\jakarta\validation\jakarta.validation-api\3.0.2\jakarta.validation-api-3.0.2.jar;C:\Users\sveng\.m2\repository\jakarta\interceptor\jakarta.interceptor-api\2.1.0\jakarta.interceptor-api-2.1.0.jar;C:\Users\sveng\.m2\repository\jakarta\enterprise\jakarta.enterprise.cdi-api\4.0.1\jakarta.enterprise.cdi-api-4.0.1.jar;C:\Users\sveng\.m2\repository\jakarta\enterprise\jakarta.enterprise.lang-model\4.0.1\jakarta.enterprise.lang-model-4.0.1.jar;C:\Users\sveng\.m2\repository\jakarta\inject\jakarta.inject-api\2.0.1\jakarta.inject-api-2.0.1.jar;C:\Users\sveng\.m2\repository\jakarta\authentication\jakarta.authentication-api\3.0.0\jakarta.authentication-api-3.0.0.jar;C:\Users\sveng\.m2\repository\jakarta\security\enterprise\jakarta.security.enterprise-api\3.0.0\jakarta.security.enterprise-api-3.0.0.jar;C:\Users\sveng\.m2\repository\jakarta\servlet\jakarta.servlet-api\6.0.0\jakarta.servlet-api-6.0.0.jar;C:\Users\sveng\.m2\repository\javax\servlet\javax.servlet-api\3.1.0\javax.servlet-api-3.1.0.jar;C:\Users\sveng\.m2\repository\javax\servlet\jsp\javax.servlet.jsp-api\2.3.0\javax.servlet.jsp-api-2.3.0.jar;C:\Users\sveng\.m2\repository\org\apache\maven\maven-artifact\3.8.6\maven-artifact-3.8.6.jar;C:\Users\sveng\.m2\repository\org\codehaus\plexus\plexus-utils\3.3.1\plexus-utils-3.3.1.jar;C:\Users\sveng\.m2\repository\org\apache\maven\maven-core\3.8.6\maven-core-3.8.6.jar;C:\Users\sveng\.m2\repository\org\apache\maven\maven-model\3.8.6\maven-model-3.8.6.jar;C:\Users\sveng\.m2\repository\org\apache\maven\maven-settings\3.8.6\maven-settings-3.8.6.jar;C:\Users\sveng\.m2\repository\org\apache\maven\maven-settings-builder\3.8.6\maven-settings-builder-3.8.6.jar;C:\Users\sveng\.m2\repository\org\codehaus\plexus\plexus-sec-dispatcher\2.0\plexus-sec-dispatcher-2.0.jar;C:\Users\sveng\.m2\repository\org\codehaus\plexus\plexus-cipher\2.0\plexus-cipher-2.0.jar;C:\Users\sveng\.m2\repository\org\apache\maven\maven-builder-support\3.8.6\maven-builder-support-3.8.6.jar;C:\Users\sveng\.m2\repository\org\apache\maven\maven-repository-metadata\3.8.6\maven-repository-metadata-3.8.6.jar;C:\Users\sveng\.m2\repository\org\apache\maven\maven-plugin-api\3.8.6\maven-plugin-api-3.8.6.jar;C:\Users\sveng\.m2\repository\org\apache\maven\maven-model-builder\3.8.6\maven-model-builder-3.8.6.jar;C:\Users\sveng\.m2\repository\org\apache\maven\maven-resolver-provider\3.8.6\maven-resolver-provider-3.8.6.jar;C:\Users\sveng\.m2\repository\org\apache\maven\resolver\maven-resolver-impl\1.6.3\maven-resolver-impl-1.6.3.jar;C:\Users\sveng\.m2\repository\org\apache\maven\resolver\maven-resolver-api\1.6.3\maven-resolver-api-1.6.3.jar;C:\Users\sveng\.m2\repository\org\apache\maven\resolver\maven-resolver-spi\1.6.3\maven-resolver-spi-1.6.3.jar;C:\Users\sveng\.m2\repository\org\apache\maven\resolver\maven-resolver-util\1.6.3\maven-resolver-util-1.6.3.jar;C:\Users\sveng\.m2\repository\org\apache\maven\shared\maven-shared-utils\3.3.4\maven-shared-utils-3.3.4.jar;C:\Users\sveng\.m2\repository\org\eclipse\sisu\org.eclipse.sisu.plexus\0.3.5\org.eclipse.sisu.plexus-0.3.5.jar;C:\Users\sveng\.m2\repository\javax\annotation\javax.annotation-api\1.2\javax.annotation-api-1.2.jar;C:\Users\sveng\.m2\repository\org\eclipse\sisu\org.eclipse.sisu.inject\0.3.5\org.eclipse.sisu.inject-0.3.5.jar;C:\Users\sveng\.m2\repository\com\google\inject\guice\4.2.2\guice-4.2.2-no_aop.jar;C:\Users\sveng\.m2\repository\aopalliance\aopalliance\1.0\aopalliance-1.0.jar;C:\Users\sveng\.m2\repository\javax\inject\javax.inject\1\javax.inject-1.jar;C:\Users\sveng\.m2\repository\org\codehaus\plexus\plexus-classworlds\2.6.0\plexus-classworlds-2.6.0.jar;C:\Users\sveng\.m2\repository\org\codehaus\plexus\plexus-interpolation\1.26\plexus-interpolation-1.26.jar;C:\Users\sveng\.m2\repository\org\codehaus\plexus\plexus-component-annotations\2.1.0\plexus-component-annotations-2.1.0.jar;C:\Users\sveng\.m2\repository\org\slf4j\slf4j-api\1.7.36\slf4j-api-1.7.36.jar;C:\Users\sveng\.m2\repository\org\apache\maven\plugins\maven-clean-plugin\3.2.0\maven-clean-plugin-3.2.0.jar;C:\Users\sveng\.m2\repository\org\apache\maven\plugins\maven-war-plugin\3.3.2\maven-war-plugin-3.3.2.jar;C:\Users\sveng\.m2\repository\org\apache\maven\maven-archiver\3.5.0\maven-archiver-3.5.0.jar;C:\Users\sveng\.m2\repository\commons-io\commons-io\2.6\commons-io-2.6.jar;C:\Users\sveng\.m2\repository\org\codehaus\plexus\plexus-archiver\4.2.2\plexus-archiver-4.2.2.jar;C:\Users\sveng\.m2\repository\org\codehaus\plexus\plexus-io\3.2.0\plexus-io-3.2.0.jar;C:\Users\sveng\.m2\repository\org\apache\commons\commons-compress\1.20\commons-compress-1.20.jar;C:\Users\sveng\.m2\repository\org\iq80\snappy\snappy\0.4\snappy-0.4.jar;C:\Users\sveng\.m2\repository\org\tukaani\xz\1.8\xz-1.8.jar;C:\Users\sveng\.m2\repository\org\apache\maven\shared\maven-filtering\3.1.1\maven-filtering-3.1.1.jar;C:\Users\sveng\.m2\repository\org\sonatype\plexus\plexus-build-api\0.0.7\plexus-build-api-0.0.7.jar;C:\Users\sveng\.m2\repository\org\apache\maven\shared\maven-mapping\3.0.0\maven-mapping-3.0.0.jar;C:\Users\sveng\.m2\repository\org\eclipse\aether\aether-api\0.9.0.M2\aether-api-0.9.0.M2.jar;C:\Users\sveng\.m2\repository\org\mariadb\jdbc\mariadb-java-client\3.0.8\mariadb-java-client-3.0.8.jar;C:\Users\sveng\.m2\repository\org\slf4j\slf4j-simple\1.6.2\slf4j-simple-1.6.2.jar;C:\Users\sveng\.m2\repository\jakarta\persistence\jakarta.persistence-api\3.1.0\jakarta.persistence-api-3.1.0.jar;C:\Users\sveng\.m2\repository\org\hibernate\hibernate-entitymanager\5.6.12.Final\hibernate-entitymanager-5.6.12.Final.jar;C:\Users\sveng\.m2\repository\org\jboss\logging\jboss-logging\3.4.3.Final\jboss-logging-3.4.3.Final.jar;C:\Users\sveng\.m2\repository\org\hibernate\common\hibernate-commons-annotations\5.1.2.Final\hibernate-commons-annotations-5.1.2.Final.jar;C:\Users\sveng\.m2\repository\javax\persistence\javax.persistence-api\2.2\javax.persistence-api-2.2.jar;C:\Users\sveng\.m2\repository\net\bytebuddy\byte-buddy\1.12.9\byte-buddy-1.12.9.jar;C:\Users\sveng\.m2\repository\org\jboss\spec\javax\transaction\jboss-transaction-api_1.2_spec\1.1.1.Final\jboss-transaction-api_1.2_spec-1.1.1.Final.jar;C:\Users\sveng\.m2\repository\org\hibernate\hibernate-core\5.6.12.Final\hibernate-core-5.6.12.Final.jar;C:\Users\sveng\.m2\repository\antlr\antlr\2.7.7\antlr-2.7.7.jar;C:\Users\sveng\.m2\repository\org\jboss\jandex\2.4.2.Final\jandex-2.4.2.Final.jar;C:\Users\sveng\.m2\repository\com\fasterxml\classmate\1.5.1\classmate-1.5.1.jar;C:\Users\sveng\.m2\repository\javax\activation\javax.activation-api\1.2.0\javax.activation-api-1.2.0.jar;C:\Users\sveng\.m2\repository\javax\xml\bind\jaxb-api\2.3.1\jaxb-api-2.3.1.jar;C:\Users\sveng\.m2\repository\com\sun\xml\bind\jaxb-impl\2.3.4\jaxb-impl-2.3.4.jar;C:\Users\sveng\.m2\repository\jakarta\xml\bind\jakarta.xml.bind-api\2.3.3\jakarta.xml.bind-api-2.3.3.jar;C:\Users\sveng\.m2\repository\com\sun\activation\jakarta.activation\1.2.2\jakarta.activation-1.2.2.jar;C:\Users\sveng\.m2\repository\org\glassfish\jaxb\jaxb-runtime\3.0.0\jaxb-runtime-3.0.0.jar;C:\Users\sveng\.m2\repository\org\glassfish\jaxb\jaxb-core\3.0.0\jaxb-core-3.0.0.jar;C:\Users\sveng\.m2\repository\org\glassfish\jaxb\txw2\3.0.0\txw2-3.0.0.jar;C:\Users\sveng\.m2\repository\com\sun\istack\istack-commons-runtime\4.0.0\istack-commons-runtime-4.0.0.jar;C:\Users\sveng\.m2\repository\com\j2html\j2html\1.5.0\j2html-1.5.0.jar;C:\Users\sveng\.m2\repository\com\google\guava\guava\29.0-jre\guava-29.0-jre.jar;C:\Users\sveng\.m2\repository\com\google\guava\failureaccess\1.0.1\failureaccess-1.0.1.jar;C:\Users\sveng\.m2\repository\com\google\guava\listenablefuture\9999.0-empty-to-avoid-conflict-with-guava\listenablefuture-9999.0-empty-to-avoid-conflict-with-guava.jar;C:\Users\sveng\.m2\repository\com\google\code\findbugs\jsr305\3.0.2\jsr305-3.0.2.jar;C:\Users\sveng\.m2\repository\org\checkerframework\checker-qual\2.11.1\checker-qual-2.11.1.jar;C:\Users\sveng\.m2\repository\com\google\errorprone\error_prone_annotations\2.3.4\error_prone_annotations-2.3.4.jar;C:\Users\sveng\.m2\repository\com\google\j2objc\j2objc-annotations\1.3\j2objc-annotations-1.3.jar;C:\Users\sveng\.m2\repository\org\apache\commons\commons-lang3\3.12.0\commons-lang3-3.12.0.jar;C:\Users\sveng\.m2\repository\org\apache\commons\commons-text\1.3\commons-text-1.3.jar;C:\Users\sveng\.m2\repository\org\apache\logging\log4j\log4j-api\2.19.0\log4j-api-2.19.0.jar;C:\Users\sveng\.m2\repository\org\apache\logging\log4j\log4j-core\2.19.0\log4j-core-2.19.0.jar;C:\Users\sveng\.m2\repository\com\lmax\disruptor\3.4.4\disruptor-3.4.4.jar;C:\Users\sveng\.m2\repository\com\sun\mail\javax.mail\1.6.2\javax.mail-1.6.2.jar;C:\Users\sveng\.m2\repository\javax\activation\activation\1.1\activation-1.1.jar;C:\Users\sveng\.m2\repository\org\junit\jupiter\junit-jupiter-api\5.9.1\junit-jupiter-api-5.9.1.jar;C:\Users\sveng\.m2\repository\org\opentest4j\opentest4j\1.2.0\opentest4j-1.2.0.jar;C:\Users\sveng\.m2\repository\org\junit\platform\junit-platform-commons\1.9.1\junit-platform-commons-1.9.1.jar;C:\Users\sveng\.m2\repository\org\apiguardian\apiguardian-api\1.1.2\apiguardian-api-1.1.2.jar;C:\Users\sveng\.m2\repository\org\easymock\easymock\5.0.1\easymock-5.0.1.jar;C:\Users\sveng\.m2\repository\org\objenesis\objenesis\3.3\objenesis-3.3.jar;C:\Users\sveng\.m2\repository\org\junit\platform\junit-platform-launcher\1.9.1\junit-platform-launcher-1.9.1.jar;C:\Users\sveng\.m2\repository\org\junit\platform\junit-platform-engine\1.9.1\junit-platform-engine-1.9.1.jar;C:\Users\sveng\.m2\repository\org\junit\jupiter\junit-jupiter-engine\5.9.1\junit-jupiter-engine-5.9.1.jar;C:\Users\sveng\eclipse\jee-2022-06\eclipse\configuration\org.eclipse.osgi\1042\0\.cp;C:\Users\sveng\eclipse\jee-2022-06\eclipse\configuration\org.eclipse.osgi\1040\0\.cp
Launcher Type: SUN_STANDARD

[Global flags]
     intx CICompilerCount                          = 4                                         {product} {ergonomic}
     uint ConcGCThreads                            = 2                                         {product} {ergonomic}
     uint G1ConcRefinementThreads                  = 8                                         {product} {ergonomic}
   size_t G1HeapRegionSize                         = 2097152                                   {product} {ergonomic}
    uintx GCDrainStackTargetSize                   = 64                                        {product} {ergonomic}
   size_t InitialHeapSize                          = 268435456                                 {product} {ergonomic}
   size_t MarkStackSize                            = 4194304                                   {product} {ergonomic}
   size_t MaxHeapSize                              = 4267704320                                {product} {ergonomic}
   size_t MaxNewSize                               = 2560622592                                {product} {ergonomic}
   size_t MinHeapDeltaBytes                        = 2097152                                   {product} {ergonomic}
   size_t MinHeapSize                              = 8388608                                   {product} {ergonomic}
    uintx NonNMethodCodeHeapSize                   = 5839372                                {pd product} {ergonomic}
    uintx NonProfiledCodeHeapSize                  = 122909434                              {pd product} {ergonomic}
    uintx ProfiledCodeHeapSize                     = 122909434                              {pd product} {ergonomic}
    uintx ReservedCodeCacheSize                    = 251658240                              {pd product} {ergonomic}
     bool SegmentedCodeCache                       = true                                      {product} {ergonomic}
     bool ShowCodeDetailsInExceptionMessages       = true                                   {manageable} {command line}
   size_t SoftMaxHeapSize                          = 4267704320                             {manageable} {ergonomic}
     bool UseCompressedClassPointers               = true                           {product lp64_product} {ergonomic}
     bool UseCompressedOops                        = true                           {product lp64_product} {ergonomic}
     bool UseG1GC                                  = true                                      {product} {ergonomic}
     bool UseLargePagesIndividualAllocation        = false                                  {pd product} {ergonomic}

Logging:
Log output configuration:
 #0: stdout all=warning uptime,level,tags foldmultilines=false
 #1: stderr all=off uptime,level,tags foldmultilines=false

Environment Variables:
JAVA_HOME=C:\Program Files\Java\openjdk-18.0.2.1
CLASSPATH=C:\Program Files\Java\openjdk-18.0.2.1\lib;C:\Program Files\Java\openjdk-18.0.2.1\jre\lib;C:\Program Files\Apache Software Foundation\Tomcat 8.5\lib;%DERBY_INSTALL%\lib\derby.jar;%DERBY_INSTALL%\lib\derbyc.jar
PATH=C:\Program Files (x86)\Common Files\Oracle\Java\javapath;C:\windows\system32;C:\windows;C:\windows\System32\Wbem;C:\windows\System32\WindowsPowerShell\v1.0\;C:\ProgramFiles (x86)\NVIDIA Corporation\PhysX\Common;C:\WINDOWS\system32;C:\WINDOWS;C:\WINDOWS\System32\Wbem;C:\WINDOWS\System32\WindowsPowerShell\v1.0\;C:\WINDOWS\System32\OpenSSH\;C:\ProgramFiles (x86)\Intel\Intel(R) Management Engine Components\DAL;C:\ProgramFiles\Intel\Intel(R) Management Engine Components\DAL;C:\ProgramFiles\Intel\WiFi\bin\;C:\ProgramFiles\Common Files\Intel\WirelessCommon\;%JAVA_HOME%\bin;C:\Program Files\TortoiseGit\bin;C:\Program Files\Java\openjdk-18.0.2.1\bin;C:\Ruby27-x64\bin;C:\Users\sveng\AppData\Local\Programs\Python\Python38-32\Scripts\;C:\Users\sveng\AppData\Local\Programs\Python\Python38-32\;E:\#3_Ressourcen\#9_Software\_Programmieren\_Datenbank\_Derby\db-derby-10.15.2.0-bin\bin;C:\Users\sveng\AppData\Local\Microsoft\WindowsApps;C:\Users\sveng\AppData\Local\GitHubDesktop\bin;C:\Users\sveng\AppData\Local\Programs\Microsoft VS Code\bin;C:\Program Files\Java\openjdk-18.0.2.1\bin;
USERNAME=sveng
OS=Windows_NT
PROCESSOR_IDENTIFIER=Intel64 Family 6 Model 142 Stepping 10, GenuineIntel



---------------  S Y S T E M  ---------------

OS:
 Windows 10 , 64 bit Build 19041 (10.0.19041.2251)
OS uptime: 1 days 5:27 hours

CPU: total 8 (initial active 8) (4 cores per cpu, 2 threads per core) family 6 model 142 stepping 10 microcode 0xb4, cx8, cmov, fxsr, ht, mmx, 3dnowpref, sse, sse2, sse3, ssse3, sse4.1, sse4.2, popcnt, lzcnt, tsc, tscinvbit, avx, avx2, aes, erms, clmul, bmi1, bmi2, adx, fma, vzeroupper, clflush, clflushopt

Memory: 4k page, system-wide physical 16275M (5300M free)
TotalPageFile size 35731M (AvailPageFile size 16956M)
current process WorkingSet (physical memory assigned to process): 37M, peak: 116M
current process commit charge ("private bytes"): 364M, peak: 386M

vm_info: OpenJDK 64-Bit Server VM (18.0.2.1+1-1) for windows-amd64 JRE (18.0.2.1+1-1), built on Aug 16 2022 01:44:29 by "mach5one" with MS VC++ 16.8 / 16.9 (VS2019)

END.
